{"total": {"lines":{"total":123,"covered":105,"skipped":0,"pct":85.36},"statements":{"total":140,"covered":117,"skipped":0,"pct":83.57},"functions":{"total":34,"covered":28,"skipped":0,"pct":82.35},"branches":{"total":114,"covered":80,"skipped":0,"pct":70.17},"branchesTrue":{"total":0,"covered":0,"skipped":0,"pct":100}}
,"/home/dreamcoder08/Documents/PROYECTOS/arkelythex/packages/arkelythex-harness/src/approval.ts": {"lines":{"total":4,"covered":4,"skipped":0,"pct":100},"functions":{"total":2,"covered":2,"skipped":0,"pct":100},"statements":{"total":6,"covered":5,"skipped":0,"pct":83.33},"branches":{"total":2,"covered":1,"skipped":0,"pct":50}}
,"/home/dreamcoder08/Documents/PROYECTOS/arkelythex/packages/arkelythex-harness/src/harness.ts": {"lines":{"total":53,"covered":42,"skipped":0,"pct":79.24},"functions":{"total":15,"covered":11,"skipped":0,"pct":73.33},"statements":{"total":60,"covered":47,"skipped":0,"pct":78.33},"branches":{"total":44,"covered":31,"skipped":0,"pct":70.45}}
,"/home/dreamcoder08/Documents/PROYECTOS/arkelythex/packages/arkelythex-harness/src/index.ts": {"lines":{"total":0,"covered":0,"skipped":0,"pct":0},"functions":{"total":0,"covered":0,"skipped":0,"pct":0},"statements":{"total":0,"covered":0,"skipped":0,"pct":0},"branches":{"total":0,"covered":0,"skipped":0,"pct":0}}
,"/home/dreamcoder08/Documents/PROYECTOS/arkelythex/packages/arkelythex-harness/src/memory-context.ts": {"lines":{"total":20,"covered":19,"skipped":0,"pct":95},"functions":{"total":3,"covered":3,"skipped":0,"pct":100},"statements":{"total":24,"covered":22,"skipped":0,"pct":91.66},"branches":{"total":35,"covered":26,"skipped":0,"pct":74.28}}
,"/home/dreamcoder08/Documents/PROYECTOS/arkelythex/packages/arkelythex-harness/src/types.ts": {"lines":{"total":8,"covered":7,"skipped":0,"pct":87.5},"functions":{"total":1,"covered":0,"skipped":0,"pct":0},"statements":{"total":8,"covered":7,"skipped":0,"pct":87.5},"branches":{"total":0,"covered":0,"skipped":0,"pct":100}}
,"/home/dreamcoder08/Documents/PROYECTOS/arkelythex/packages/arkelythex-harness/src/delegation/graph.ts": {"lines":{"total":16,"covered":13,"skipped":0,"pct":81.25},"functions":{"total":6,"covered":5,"skipped":0,"pct":83.33},"statements":{"total":19,"covered":15,"skipped":0,"pct":78.94},"branches":{"total":8,"covered":4,"skipped":0,"pct":50}}
,"/home/dreamcoder08/Documents/PROYECTOS/arkelythex/packages/arkelythex-harness/src/handlers/defaults.ts": {"lines":{"total":22,"covered":20,"skipped":0,"pct":90.9},"functions":{"total":7,"covered":7,"skipped":0,"pct":100},"statements":{"total":23,"covered":21,"skipped":0,"pct":91.3},"branches":{"total":25,"covered":18,"skipped":0,"pct":72}}
}
