{"/home/dreamcoder08/Documents/PROYECTOS/arkelythex/packages/arkelythex-harness/src/approval.ts": {"path":"/home/dreamcoder08/Documents/PROYECTOS/arkelythex/packages/arkelythex-harness/src/approval.ts","statementMap":{"0":{"start":{"line":1,"column":25},"end":{"line":10,"column":null}},"1":{"start":{"line":13,"column":1},"end":{"line":13,"column":null}},"2":{"start":{"line":13,"column":28},"end":{"line":13,"column":null}},"3":{"start":{"line":14,"column":15},"end":{"line":14,"column":33}},"4":{"start":{"line":15,"column":1},"end":{"line":15,"column":null}},"5":{"start":{"line":15,"column":37},"end":{"line":15,"column":54}}},"fnMap":{"0":{"name":"taskRequiresApproval","decl":{"start":{"line":12,"column":16},"end":{"line":12,"column":37}},"loc":{"start":{"line":12,"column":93},"end":{"line":15,"column":null}},"line":12},"1":{"name":"(anonymous_1)","decl":{"start":{"line":15,"column":25},"end":{"line":15,"column":31}},"loc":{"start":{"line":15,"column":37},"end":{"line":15,"column":54}},"line":15}},"branchMap":{"0":{"loc":{"start":{"line":13,"column":1},"end":{"line":13,"column":null}},"type":"if","locations":[{"start":{"line":13,"column":1},"end":{"line":13,"column":null}},{"start":{},"end":{}}],"line":13}},"s":{"0":1,"1":8,"2":0,"3":8,"4":8,"5":8},"f":{"0":8,"1":8},"b":{"0":[0,8]},"meta":{"lastBranch":1,"lastFunction":2,"lastStatement":6,"seen":{"s:1:25:10:Infinity":0,"f:12:16:12:37":0,"b:13:1:13:Infinity:undefined:undefined:undefined:undefined":0,"s:13:1:13:Infinity":1,"s:13:28:13:Infinity":2,"s:14:15:14:33":3,"s:15:1:15:Infinity":4,"f:15:25:15:31":1,"s:15:37:15:54":5}}}
,"/home/dreamcoder08/Documents/PROYECTOS/arkelythex/packages/arkelythex-harness/src/harness.ts": {"path":"/home/dreamcoder08/Documents/PROYECTOS/arkelythex/packages/arkelythex-harness/src/harness.ts","statementMap":{"0":{"start":{"line":21,"column":1},"end":{"line":21,"column":null}},"1":{"start":{"line":25,"column":1},"end":{"line":25,"column":null}},"2":{"start":{"line":25,"column":23},"end":{"line":25,"column":46}},"3":{"start":{"line":25,"column":48},"end":{"line":25,"column":null}},"4":{"start":{"line":26,"column":1},"end":{"line":26,"column":null}},"5":{"start":{"line":26,"column":23},"end":{"line":26,"column":55}},"6":{"start":{"line":26,"column":57},"end":{"line":26,"column":null}},"7":{"start":{"line":27,"column":1},"end":{"line":27,"column":null}},"8":{"start":{"line":27,"column":23},"end":{"line":27,"column":46}},"9":{"start":{"line":27,"column":48},"end":{"line":27,"column":null}},"10":{"start":{"line":28,"column":1},"end":{"line":28,"column":null}},"11":{"start":{"line":37,"column":2},"end":{"line":37,"column":null}},"12":{"start":{"line":38,"column":2},"end":{"line":38,"column":null}},"13":{"start":{"line":39,"column":2},"end":{"line":39,"column":null}},"14":{"start":{"line":40,"column":2},"end":{"line":40,"column":null}},"15":{"start":{"line":44,"column":2},"end":{"line":44,"column":null}},"16":{"start":{"line":48,"column":2},"end":{"line":48,"column":null}},"17":{"start":{"line":52,"column":2},"end":{"line":52,"column":null}},"18":{"start":{"line":52,"column":30},"end":{"line":52,"column":null}},"19":{"start":{"line":53,"column":2},"end":{"line":53,"column":null}},"20":{"start":{"line":57,"column":22},"end":{"line":57,"column":77}},"21":{"start":{"line":58,"column":15},"end":{"line":63,"column":4}},"22":{"start":{"line":65,"column":2},"end":{"line":74,"column":null}},"23":{"start":{"line":66,"column":3},"end":{"line":73,"column":null}},"24":{"start":{"line":74,"column":3},"end":{"line":74,"column":null}},"25":{"start":{"line":77,"column":2},"end":{"line":83,"column":null}},"26":{"start":{"line":87,"column":2},"end":{"line":87,"column":null}},"27":{"start":{"line":98,"column":8},"end":{"line":98,"column":55}},"28":{"start":{"line":99,"column":2},"end":{"line":118,"column":null}},"29":{"start":{"line":100,"column":3},"end":{"line":118,"column":null}},"30":{"start":{"line":121,"column":34},"end":{"line":121,"column":36}},"31":{"start":{"line":122,"column":2},"end":{"line":144,"column":null}},"32":{"start":{"line":123,"column":16},"end":{"line":129,"column":5}},"33":{"start":{"line":131,"column":9},"end":{"line":131,"column":44}},"34":{"start":{"line":132,"column":3},"end":{"line":141,"column":null}},"35":{"start":{"line":133,"column":4},"end":{"line":140,"column":null}},"36":{"start":{"line":141,"column":4},"end":{"line":141,"column":null}},"37":{"start":{"line":144,"column":3},"end":{"line":144,"column":null}},"38":{"start":{"line":146,"column":2},"end":{"line":146,"column":null}},"39":{"start":{"line":150,"column":20},"end":{"line":150,"column":44}},"40":{"start":{"line":151,"column":16},"end":{"line":151,"column":26}},"41":{"start":{"line":152,"column":16},"end":{"line":152,"column":null}},"42":{"start":{"line":153,"column":8},"end":{"line":153,"column":45}},"43":{"start":{"line":155,"column":2},"end":{"line":156,"column":null}},"44":{"start":{"line":156,"column":3},"end":{"line":156,"column":null}},"45":{"start":{"line":159,"column":2},"end":{"line":166,"column":null}},"46":{"start":{"line":160,"column":3},"end":{"line":166,"column":null}},"47":{"start":{"line":169,"column":18},"end":{"line":169,"column":52}},"48":{"start":{"line":170,"column":2},"end":{"line":171,"column":null}},"49":{"start":{"line":171,"column":3},"end":{"line":171,"column":null}},"50":{"start":{"line":175,"column":4},"end":{"line":176,"column":61}},"51":{"start":{"line":178,"column":2},"end":{"line":203,"column":null}},"52":{"start":{"line":179,"column":20},"end":{"line":184,"column":5}},"53":{"start":{"line":185,"column":3},"end":{"line":203,"column":null}},"54":{"start":{"line":186,"column":4},"end":{"line":203,"column":null}},"55":{"start":{"line":207,"column":17},"end":{"line":207,"column":60}},"56":{"start":{"line":208,"column":17},"end":{"line":208,"column":null}},"57":{"start":{"line":210,"column":2},"end":{"line":219,"column":null}},"58":{"start":{"line":229,"column":2},"end":{"line":245,"column":null}},"59":{"start":{"line":250,"column":1},"end":{"line":250,"column":null}}},"fnMap":{"0":{"name":"newRunId","decl":{"start":{"line":20,"column":9},"end":{"line":20,"column":28}},"loc":{"start":{"line":20,"column":28},"end":{"line":21,"column":null}},"line":20},"1":{"name":"mergeStatus","decl":{"start":{"line":24,"column":9},"end":{"line":24,"column":21}},"loc":{"start":{"line":24,"column":61},"end":{"line":28,"column":null}},"line":24},"2":{"name":"(anonymous_2)","decl":{"start":{"line":25,"column":11},"end":{"line":25,"column":17}},"loc":{"start":{"line":25,"column":23},"end":{"line":25,"column":46}},"line":25},"3":{"name":"(anonymous_3)","decl":{"start":{"line":26,"column":11},"end":{"line":26,"column":17}},"loc":{"start":{"line":26,"column":23},"end":{"line":26,"column":55}},"line":26},"4":{"name":"(anonymous_4)","decl":{"start":{"line":27,"column":11},"end":{"line":27,"column":17}},"loc":{"start":{"line":27,"column":23},"end":{"line":27,"column":46}},"line":27},"5":{"name":"(anonymous_5)","decl":{"start":{"line":36,"column":1},"end":{"line":36,"column":13}},"loc":{"start":{"line":36,"column":43},"end":{"line":40,"column":null}},"line":36},"6":{"name":"(anonymous_6)","decl":{"start":{"line":43,"column":1},"end":{"line":43,"column":17}},"loc":{"start":{"line":43,"column":63},"end":{"line":44,"column":null}},"line":43},"7":{"name":"(anonymous_7)","decl":{"start":{"line":47,"column":1},"end":{"line":47,"column":33}},"loc":{"start":{"line":47,"column":33},"end":{"line":48,"column":null}},"line":47},"8":{"name":"(anonymous_8)","decl":{"start":{"line":51,"column":1},"end":{"line":51,"column":15}},"loc":{"start":{"line":51,"column":74},"end":{"line":53,"column":null}},"line":51},"9":{"name":"(anonymous_9)","decl":{"start":{"line":56,"column":7},"end":{"line":56,"column":15}},"loc":{"start":{"line":56,"column":80},"end":{"line":83,"column":null}},"line":56},"10":{"name":"(anonymous_10)","decl":{"start":{"line":86,"column":7},"end":{"line":86,"column":13}},"loc":{"start":{"line":86,"column":68},"end":{"line":87,"column":null}},"line":86},"11":{"name":"(anonymous_11)","decl":{"start":{"line":90,"column":15},"end":{"line":90,"column":null}},"loc":{"start":{"line":97,"column":30},"end":{"line":146,"column":null}},"line":97},"12":{"name":"(anonymous_12)","decl":{"start":{"line":149,"column":15},"end":{"line":149,"column":19}},"loc":{"start":{"line":149,"column":74},"end":{"line":219,"column":null}},"line":149},"13":{"name":"(anonymous_13)","decl":{"start":{"line":222,"column":1},"end":{"line":222,"column":9}},"loc":{"start":{"line":228,"column":19},"end":{"line":245,"column":null}},"line":228},"14":{"name":"createArkelythexHarness","decl":{"start":{"line":249,"column":16},"end":{"line":249,"column":40}},"loc":{"start":{"line":249,"column":85},"end":{"line":250,"column":null}},"line":249}},"branchMap":{"0":{"loc":{"start":{"line":25,"column":1},"end":{"line":25,"column":null}},"type":"if","locations":[{"start":{"line":25,"column":1},"end":{"line":25,"column":null}},{"start":{},"end":{}}],"line":25},"1":{"loc":{"start":{"line":26,"column":1},"end":{"line":26,"column":null}},"type":"if","locations":[{"start":{"line":26,"column":1},"end":{"line":26,"column":null}},{"start":{},"end":{}}],"line":26},"2":{"loc":{"start":{"line":27,"column":1},"end":{"line":27,"column":null}},"type":"if","locations":[{"start":{"line":27,"column":1},"end":{"line":27,"column":null}},{"start":{},"end":{}}],"line":27},"3":{"loc":{"start":{"line":36,"column":13},"end":{"line":36,"column":41}},"type":"default-arg","locations":[{"start":{"line":36,"column":39},"end":{"line":36,"column":41}}],"line":36},"4":{"loc":{"start":{"line":37,"column":18},"end":{"line":37,"column":null}},"type":"binary-expr","locations":[{"start":{"line":37,"column":18},"end":{"line":37,"column":38}},{"start":{"line":37,"column":38},"end":{"line":37,"column":null}}],"line":37},"5":{"loc":{"start":{"line":38,"column":18},"end":{"line":38,"column":47}},"type":"binary-expr","locations":[{"start":{"line":38,"column":18},"end":{"line":38,"column":38}},{"start":{"line":38,"column":38},"end":{"line":38,"column":47}}],"line":38},"6":{"loc":{"start":{"line":52,"column":2},"end":{"line":52,"column":null}},"type":"if","locations":[{"start":{"line":52,"column":2},"end":{"line":52,"column":null}},{"start":{},"end":{}}],"line":52},"7":{"loc":{"start":{"line":57,"column":22},"end":{"line":57,"column":77}},"type":"binary-expr","locations":[{"start":{"line":57,"column":22},"end":{"line":57,"column":45}},{"start":{"line":57,"column":30},"end":{"line":57,"column":77}}],"line":57},"8":{"loc":{"start":{"line":65,"column":2},"end":{"line":74,"column":null}},"type":"if","locations":[{"start":{"line":65,"column":2},"end":{"line":74,"column":null}},{"start":{},"end":{}}],"line":65},"9":{"loc":{"start":{"line":65,"column":6},"end":{"line":65,"column":54}},"type":"binary-expr","locations":[{"start":{"line":65,"column":6},"end":{"line":65,"column":27}},{"start":{"line":65,"column":27},"end":{"line":65,"column":54}}],"line":65},"10":{"loc":{"start":{"line":99,"column":2},"end":{"line":118,"column":null}},"type":"if","locations":[{"start":{"line":99,"column":2},"end":{"line":118,"column":null}},{"start":{},"end":{}}],"line":99},"11":{"loc":{"start":{"line":125,"column":10},"end":{"line":125,"column":null}},"type":"binary-expr","locations":[{"start":{"line":125,"column":10},"end":{"line":125,"column":24}},{"start":{"line":125,"column":24},"end":{"line":125,"column":null}}],"line":125},"12":{"loc":{"start":{"line":132,"column":3},"end":{"line":141,"column":null}},"type":"if","locations":[{"start":{"line":132,"column":3},"end":{"line":141,"column":null}},{"start":{},"end":{}}],"line":132},"13":{"loc":{"start":{"line":132,"column":7},"end":{"line":132,"column":63}},"type":"binary-expr","locations":[{"start":{"line":132,"column":7},"end":{"line":132,"column":36}},{"start":{"line":132,"column":36},"end":{"line":132,"column":63}}],"line":132},"14":{"loc":{"start":{"line":152,"column":16},"end":{"line":152,"column":null}},"type":"binary-expr","locations":[{"start":{"line":152,"column":16},"end":{"line":152,"column":33}},{"start":{"line":152,"column":33},"end":{"line":152,"column":null}}],"line":152},"15":{"loc":{"start":{"line":155,"column":2},"end":{"line":156,"column":null}},"type":"if","locations":[{"start":{"line":155,"column":2},"end":{"line":156,"column":null}},{"start":{},"end":{}}],"line":155},"16":{"loc":{"start":{"line":159,"column":2},"end":{"line":166,"column":null}},"type":"if","locations":[{"start":{"line":159,"column":2},"end":{"line":166,"column":null}},{"start":{},"end":{}}],"line":159},"17":{"loc":{"start":{"line":170,"column":2},"end":{"line":171,"column":null}},"type":"if","locations":[{"start":{"line":170,"column":2},"end":{"line":171,"column":null}},{"start":{},"end":{}}],"line":170},"18":{"loc":{"start":{"line":175,"column":4},"end":{"line":176,"column":61}},"type":"binary-expr","locations":[{"start":{"line":175,"column":4},"end":{"line":175,"column":18}},{"start":{"line":175,"column":18},"end":{"line":175,"column":null}},{"start":{"line":175,"column":24},"end":{"line":176,"column":61}}],"line":175},"19":{"loc":{"start":{"line":178,"column":2},"end":{"line":203,"column":null}},"type":"if","locations":[{"start":{"line":178,"column":2},"end":{"line":203,"column":null}},{"start":{},"end":{}}],"line":178},"20":{"loc":{"start":{"line":178,"column":6},"end":{"line":178,"column":48}},"type":"binary-expr","locations":[{"start":{"line":178,"column":6},"end":{"line":178,"column":23}},{"start":{"line":178,"column":23},"end":{"line":178,"column":48}}],"line":178},"21":{"loc":{"start":{"line":185,"column":3},"end":{"line":203,"column":null}},"type":"if","locations":[{"start":{"line":185,"column":3},"end":{"line":203,"column":null}},{"start":{},"end":{}}],"line":185}},"s":{"0":10,"1":3,"2":10,"3":0,"4":3,"5":8,"6":2,"7":1,"8":1,"9":1,"10":0,"11":3,"12":3,"13":3,"14":3,"15":0,"16":0,"17":0,"18":0,"19":0,"20":2,"21":2,"22":2,"23":2,"24":2,"25":2,"26":1,"27":3,"28":3,"29":0,"30":3,"31":3,"32":7,"33":7,"34":7,"35":1,"36":1,"37":7,"38":3,"39":10,"40":10,"41":10,"42":10,"43":10,"44":0,"45":10,"46":0,"47":10,"48":10,"49":0,"50":10,"51":10,"52":5,"53":5,"54":0,"55":10,"56":10,"57":10,"58":0,"59":3},"f":{"0":10,"1":3,"2":10,"3":8,"4":1,"5":3,"6":0,"7":0,"8":0,"9":2,"10":1,"11":3,"12":10,"13":0,"14":3},"b":{"0":[0,3],"1":[2,1],"2":[1,0],"3":[3],"4":[3,2],"5":[3,3],"6":[0,0],"7":[2,0],"8":[2,0],"9":[2,2],"10":[0,3],"11":[7,0],"12":[1,6],"13":[7,2],"14":[10,0],"15":[0,10],"16":[0,10],"17":[0,10],"18":[10,6,8],"19":[5,5],"20":[10,10],"21":[0,5]},"meta":{"lastBranch":22,"lastFunction":15,"lastStatement":60,"seen":{"f:20:9:20:28":0,"s:21:1:21:Infinity":0,"f:24:9:24:21":1,"b:25:1:25:Infinity:undefined:undefined:undefined:undefined":0,"s:25:1:25:Infinity":1,"f:25:11:25:17":2,"s:25:23:25:46":2,"s:25:48:25:Infinity":3,"b:26:1:26:Infinity:undefined:undefined:undefined:undefined":1,"s:26:1:26:Infinity":4,"f:26:11:26:17":3,"s:26:23:26:55":5,"s:26:57:26:Infinity":6,"b:27:1:27:Infinity:undefined:undefined:undefined:undefined":2,"s:27:1:27:Infinity":7,"f:27:11:27:17":4,"s:27:23:27:46":8,"s:27:48:27:Infinity":9,"s:28:1:28:Infinity":10,"f:36:1:36:13":5,"b:36:39:36:41":3,"s:37:2:37:Infinity":11,"b:37:18:37:38:37:38:37:Infinity":4,"s:38:2:38:Infinity":12,"b:38:18:38:38:38:38:38:47":5,"s:39:2:39:Infinity":13,"s:40:2:40:Infinity":14,"f:43:1:43:17":6,"s:44:2:44:Infinity":15,"f:47:1:47:33":7,"s:48:2:48:Infinity":16,"f:51:1:51:15":8,"b:52:2:52:Infinity:undefined:undefined:undefined:undefined":6,"s:52:2:52:Infinity":17,"s:52:30:52:Infinity":18,"s:53:2:53:Infinity":19,"f:56:7:56:15":9,"s:57:22:57:77":20,"b:57:22:57:45:57:30:57:77":7,"s:58:15:63:4":21,"b:65:2:74:Infinity:undefined:undefined:undefined:undefined":8,"s:65:2:74:Infinity":22,"b:65:6:65:27:65:27:65:54":9,"s:66:3:73:Infinity":23,"s:74:3:74:Infinity":24,"s:77:2:83:Infinity":25,"f:86:7:86:13":10,"s:87:2:87:Infinity":26,"f:90:15:90:Infinity":11,"s:98:8:98:55":27,"b:99:2:118:Infinity:undefined:undefined:undefined:undefined":10,"s:99:2:118:Infinity":28,"s:100:3:118:Infinity":29,"s:121:34:121:36":30,"s:122:2:144:Infinity":31,"s:123:16:129:5":32,"b:125:10:125:24:125:24:125:Infinity":11,"s:131:9:131:44":33,"b:132:3:141:Infinity:undefined:undefined:undefined:undefined":12,"s:132:3:141:Infinity":34,"b:132:7:132:36:132:36:132:63":13,"s:133:4:140:Infinity":35,"s:141:4:141:Infinity":36,"s:144:3:144:Infinity":37,"s:146:2:146:Infinity":38,"f:149:15:149:19":12,"s:150:20:150:44":39,"s:151:16:151:26":40,"s:152:16:152:Infinity":41,"b:152:16:152:33:152:33:152:Infinity":14,"s:153:8:153:45":42,"b:155:2:156:Infinity:undefined:undefined:undefined:undefined":15,"s:155:2:156:Infinity":43,"s:156:3:156:Infinity":44,"b:159:2:166:Infinity:undefined:undefined:undefined:undefined":16,"s:159:2:166:Infinity":45,"s:160:3:166:Infinity":46,"s:169:18:169:52":47,"b:170:2:171:Infinity:undefined:undefined:undefined:undefined":17,"s:170:2:171:Infinity":48,"s:171:3:171:Infinity":49,"s:175:4:176:61":50,"b:175:4:175:18:175:18:175:Infinity:175:24:176:61":18,"b:178:2:203:Infinity:undefined:undefined:undefined:undefined":19,"s:178:2:203:Infinity":51,"b:178:6:178:23:178:23:178:48":20,"s:179:20:184:5":52,"b:185:3:203:Infinity:undefined:undefined:undefined:undefined":21,"s:185:3:203:Infinity":53,"s:186:4:203:Infinity":54,"s:207:17:207:60":55,"s:208:17:208:Infinity":56,"s:210:2:219:Infinity":57,"f:222:1:222:9":13,"s:229:2:245:Infinity":58,"f:249:16:249:40":14,"s:250:1:250:Infinity":59}}}
,"/home/dreamcoder08/Documents/PROYECTOS/arkelythex/packages/arkelythex-harness/src/index.ts": {"path":"/home/dreamcoder08/Documents/PROYECTOS/arkelythex/packages/arkelythex-harness/src/index.ts","statementMap":{},"fnMap":{},"branchMap":{},"s":{},"f":{},"b":{},"meta":{"lastBranch":0,"lastFunction":0,"lastStatement":0,"seen":{}}}
,"/home/dreamcoder08/Documents/PROYECTOS/arkelythex/packages/arkelythex-harness/src/memory-context.ts": {"path":"/home/dreamcoder08/Documents/PROYECTOS/arkelythex/packages/arkelythex-harness/src/memory-context.ts","statementMap":{"0":{"start":{"line":12,"column":24},"end":{"line":12,"column":null}},"1":{"start":{"line":17,"column":1},"end":{"line":17,"column":null}},"2":{"start":{"line":17,"column":48},"end":{"line":17,"column":null}},"3":{"start":{"line":18,"column":14},"end":{"line":18,"column":null}},"4":{"start":{"line":19,"column":13},"end":{"line":19,"column":null}},"5":{"start":{"line":20,"column":14},"end":{"line":20,"column":null}},"6":{"start":{"line":21,"column":1},"end":{"line":22,"column":null}},"7":{"start":{"line":22,"column":2},"end":{"line":22,"column":null}},"8":{"start":{"line":24,"column":1},"end":{"line":29,"column":null}},"9":{"start":{"line":33,"column":1},"end":{"line":33,"column":null}},"10":{"start":{"line":33,"column":16},"end":{"line":33,"column":null}},"11":{"start":{"line":34,"column":25},"end":{"line":34,"column":27}},"12":{"start":{"line":35,"column":1},"end":{"line":36,"column":null}},"13":{"start":{"line":36,"column":2},"end":{"line":36,"column":null}},"14":{"start":{"line":38,"column":1},"end":{"line":39,"column":null}},"15":{"start":{"line":39,"column":2},"end":{"line":39,"column":null}},"16":{"start":{"line":41,"column":1},"end":{"line":41,"column":null}},"17":{"start":{"line":41,"column":25},"end":{"line":41,"column":null}},"18":{"start":{"line":42,"column":7},"end":{"line":46,"column":null}},"19":{"start":{"line":47,"column":1},"end":{"line":47,"column":null}},"20":{"start":{"line":54,"column":15},"end":{"line":54,"column":42}},"21":{"start":{"line":55,"column":1},"end":{"line":55,"column":null}},"22":{"start":{"line":55,"column":13},"end":{"line":55,"column":null}},"23":{"start":{"line":56,"column":1},"end":{"line":56,"column":null}}},"fnMap":{"0":{"name":"extractCliMemory","decl":{"start":{"line":14,"column":16},"end":{"line":14,"column":null}},"loc":{"start":{"line":16,"column":28},"end":{"line":29,"column":null}},"line":16},"1":{"name":"memoryPromptBlock","decl":{"start":{"line":32,"column":16},"end":{"line":32,"column":34}},"loc":{"start":{"line":32,"column":78},"end":{"line":47,"column":null}},"line":32},"2":{"name":"enrichSummary","decl":{"start":{"line":50,"column":16},"end":{"line":50,"column":null}},"loc":{"start":{"line":53,"column":10},"end":{"line":56,"column":null}},"line":53}},"branchMap":{"0":{"loc":{"start":{"line":17,"column":1},"end":{"line":17,"column":null}},"type":"if","locations":[{"start":{"line":17,"column":1},"end":{"line":17,"column":null}},{"start":{},"end":{}}],"line":17},"1":{"loc":{"start":{"line":17,"column":5},"end":{"line":17,"column":48}},"type":"binary-expr","locations":[{"start":{"line":17,"column":5},"end":{"line":17,"column":18}},{"start":{"line":17,"column":18},"end":{"line":17,"column":48}}],"line":17},"2":{"loc":{"start":{"line":21,"column":1},"end":{"line":22,"column":null}},"type":"if","locations":[{"start":{"line":21,"column":1},"end":{"line":22,"column":null}},{"start":{},"end":{}}],"line":21},"3":{"loc":{"start":{"line":21,"column":5},"end":{"line":21,"column":67}},"type":"binary-expr","locations":[{"start":{"line":21,"column":5},"end":{"line":21,"column":14}},{"start":{"line":21,"column":14},"end":{"line":21,"column":41}},{"start":{"line":21,"column":41},"end":{"line":21,"column":67}}],"line":21},"4":{"loc":{"start":{"line":25,"column":20},"end":{"line":25,"column":null}},"type":"cond-expr","locations":[{"start":{"line":25,"column":46},"end":{"line":25,"column":52}},{"start":{"line":25,"column":52},"end":{"line":25,"column":null}}],"line":25},"5":{"loc":{"start":{"line":26,"column":15},"end":{"line":26,"column":null}},"type":"cond-expr","locations":[{"start":{"line":26,"column":42},"end":{"line":26,"column":49}},{"start":{"line":26,"column":49},"end":{"line":26,"column":null}}],"line":26},"6":{"loc":{"start":{"line":27,"column":13},"end":{"line":27,"column":null}},"type":"cond-expr","locations":[{"start":{"line":27,"column":54},"end":{"line":27,"column":75}},{"start":{"line":27,"column":75},"end":{"line":27,"column":null}}],"line":27},"7":{"loc":{"start":{"line":28,"column":11},"end":{"line":28,"column":null}},"type":"cond-expr","locations":[{"start":{"line":28,"column":50},"end":{"line":28,"column":69}},{"start":{"line":28,"column":69},"end":{"line":28,"column":null}}],"line":28},"8":{"loc":{"start":{"line":33,"column":1},"end":{"line":33,"column":null}},"type":"if","locations":[{"start":{"line":33,"column":1},"end":{"line":33,"column":null}},{"start":{},"end":{}}],"line":33},"9":{"loc":{"start":{"line":35,"column":1},"end":{"line":36,"column":null}},"type":"if","locations":[{"start":{"line":35,"column":1},"end":{"line":36,"column":null}},{"start":{},"end":{}}],"line":35},"10":{"loc":{"start":{"line":38,"column":1},"end":{"line":39,"column":null}},"type":"if","locations":[{"start":{"line":38,"column":1},"end":{"line":39,"column":null}},{"start":{},"end":{}}],"line":38},"11":{"loc":{"start":{"line":41,"column":1},"end":{"line":41,"column":null}},"type":"if","locations":[{"start":{"line":41,"column":1},"end":{"line":41,"column":null}},{"start":{},"end":{}}],"line":41},"12":{"loc":{"start":{"line":42,"column":7},"end":{"line":46,"column":null}},"type":"cond-expr","locations":[{"start":{"line":45,"column":5},"end":{"line":45,"column":null}},{"start":{"line":46,"column":5},"end":{"line":46,"column":null}}],"line":42},"13":{"loc":{"start":{"line":42,"column":7},"end":{"line":44,"column":null}},"type":"binary-expr","locations":[{"start":{"line":42,"column":7},"end":{"line":43,"column":null}},{"start":{"line":43,"column":31},"end":{"line":44,"column":null}}],"line":42},"14":{"loc":{"start":{"line":43,"column":3},"end":{"line":43,"column":31}},"type":"binary-expr","locations":[{"start":{"line":43,"column":3},"end":{"line":43,"column":25}},{"start":{"line":43,"column":25},"end":{"line":43,"column":31}}],"line":43},"15":{"loc":{"start":{"line":44,"column":3},"end":{"line":44,"column":29}},"type":"binary-expr","locations":[{"start":{"line":44,"column":3},"end":{"line":44,"column":23}},{"start":{"line":44,"column":23},"end":{"line":44,"column":29}}],"line":44},"16":{"loc":{"start":{"line":55,"column":1},"end":{"line":55,"column":null}},"type":"if","locations":[{"start":{"line":55,"column":1},"end":{"line":55,"column":null}},{"start":{},"end":{}}],"line":55}},"s":{"0":2,"1":11,"2":10,"3":1,"4":1,"5":1,"6":1,"7":0,"8":1,"9":14,"10":11,"11":3,"12":3,"13":3,"14":3,"15":2,"16":3,"17":0,"18":3,"19":14,"20":12,"21":12,"22":11,"23":1},"f":{"0":11,"1":14,"2":12},"b":{"0":[10,1],"1":[11,1],"2":[0,1],"3":[1,0,0],"4":[1,0],"5":[1,0],"6":[1,0],"7":[0,1],"8":[11,3],"9":[3,0],"10":[2,1],"11":[0,3],"12":[2,1],"13":[3,1],"14":[3,1],"15":[1,1],"16":[11,1]},"meta":{"lastBranch":17,"lastFunction":3,"lastStatement":24,"seen":{"s:12:24:12:Infinity":0,"f:14:16:14:Infinity":0,"b:17:1:17:Infinity:undefined:undefined:undefined:undefined":0,"s:17:1:17:Infinity":1,"b:17:5:17:18:17:18:17:48":1,"s:17:48:17:Infinity":2,"s:18:14:18:Infinity":3,"s:19:13:19:Infinity":4,"s:20:14:20:Infinity":5,"b:21:1:22:Infinity:undefined:undefined:undefined:undefined":2,"s:21:1:22:Infinity":6,"b:21:5:21:14:21:14:21:41:21:41:21:67":3,"s:22:2:22:Infinity":7,"s:24:1:29:Infinity":8,"b:25:46:25:52:25:52:25:Infinity":4,"b:26:42:26:49:26:49:26:Infinity":5,"b:27:54:27:75:27:75:27:Infinity":6,"b:28:50:28:69:28:69:28:Infinity":7,"f:32:16:32:34":1,"b:33:1:33:Infinity:undefined:undefined:undefined:undefined":8,"s:33:1:33:Infinity":9,"s:33:16:33:Infinity":10,"s:34:25:34:27":11,"b:35:1:36:Infinity:undefined:undefined:undefined:undefined":9,"s:35:1:36:Infinity":12,"s:36:2:36:Infinity":13,"b:38:1:39:Infinity:undefined:undefined:undefined:undefined":10,"s:38:1:39:Infinity":14,"s:39:2:39:Infinity":15,"b:41:1:41:Infinity:undefined:undefined:undefined:undefined":11,"s:41:1:41:Infinity":16,"s:41:25:41:Infinity":17,"s:42:7:46:Infinity":18,"b:45:5:45:Infinity:46:5:46:Infinity":12,"b:42:7:43:Infinity:43:31:44:Infinity":13,"b:43:3:43:25:43:25:43:31":14,"b:44:3:44:23:44:23:44:29":15,"s:47:1:47:Infinity":19,"f:50:16:50:Infinity":2,"s:54:15:54:42":20,"b:55:1:55:Infinity:undefined:undefined:undefined:undefined":16,"s:55:1:55:Infinity":21,"s:55:13:55:Infinity":22,"s:56:1:56:Infinity":23}}}
,"/home/dreamcoder08/Documents/PROYECTOS/arkelythex/packages/arkelythex-harness/src/types.ts": {"path":"/home/dreamcoder08/Documents/PROYECTOS/arkelythex/packages/arkelythex-harness/src/types.ts","statementMap":{"0":{"start":{"line":3,"column":35},"end":{"line":3,"column":93}},"1":{"start":{"line":6,"column":45},"end":{"line":15,"column":2}},"2":{"start":{"line":18,"column":41},"end":{"line":24,"column":2}},"3":{"start":{"line":27,"column":39},"end":{"line":30,"column":2}},"4":{"start":{"line":33,"column":40},"end":{"line":42,"column":2}},"5":{"start":{"line":56,"column":63},"end":{"line":66,"column":null}},"6":{"start":{"line":57,"column":1},"end":{"line":66,"column":3}},"7":{"start":{"line":69,"column":43},"end":{"line":74,"column":2}}},"fnMap":{"0":{"name":"(anonymous_0)","decl":{"start":{"line":56,"column":65},"end":{"line":56,"column":null}},"loc":{"start":{"line":57,"column":1},"end":{"line":66,"column":3}},"line":57}},"branchMap":{},"s":{"0":1,"1":1,"2":1,"3":1,"4":1,"5":1,"6":0,"7":1},"f":{"0":0},"b":{},"meta":{"lastBranch":0,"lastFunction":1,"lastStatement":8,"seen":{"s:3:35:3:93":0,"s:6:45:15:2":1,"s:18:41:24:2":2,"s:27:39:30:2":3,"s:33:40:42:2":4,"s:56:63:66:Infinity":5,"f:56:65:56:Infinity":0,"s:57:1:66:3":6,"s:69:43:74:2":7}}}
,"/home/dreamcoder08/Documents/PROYECTOS/arkelythex/packages/arkelythex-harness/src/delegation/graph.ts": {"path":"/home/dreamcoder08/Documents/PROYECTOS/arkelythex/packages/arkelythex-harness/src/delegation/graph.ts","statementMap":{"0":{"start":{"line":18,"column":36},"end":{"line":18,"column":null}},"1":{"start":{"line":20,"column":70},"end":{"line":138,"column":null}},"2":{"start":{"line":140,"column":24},"end":{"line":151,"column":null}},"3":{"start":{"line":152,"column":20},"end":{"line":152,"column":null}},"4":{"start":{"line":153,"column":23},"end":{"line":153,"column":null}},"5":{"start":{"line":156,"column":15},"end":{"line":156,"column":33}},"6":{"start":{"line":157,"column":1},"end":{"line":158,"column":null}},"7":{"start":{"line":157,"column":33},"end":{"line":157,"column":50}},"8":{"start":{"line":158,"column":2},"end":{"line":158,"column":null}},"9":{"start":{"line":160,"column":1},"end":{"line":161,"column":null}},"10":{"start":{"line":160,"column":29},"end":{"line":160,"column":46}},"11":{"start":{"line":161,"column":2},"end":{"line":161,"column":null}},"12":{"start":{"line":163,"column":1},"end":{"line":164,"column":null}},"13":{"start":{"line":163,"column":32},"end":{"line":163,"column":49}},"14":{"start":{"line":164,"column":2},"end":{"line":164,"column":null}},"15":{"start":{"line":166,"column":1},"end":{"line":166,"column":null}},"16":{"start":{"line":170,"column":1},"end":{"line":170,"column":null}},"17":{"start":{"line":174,"column":16},"end":{"line":174,"column":null}},"18":{"start":{"line":175,"column":1},"end":{"line":175,"column":null}}},"fnMap":{"0":{"name":"resolveRootAgentId","decl":{"start":{"line":155,"column":16},"end":{"line":155,"column":35}},"loc":{"start":{"line":155,"column":57},"end":{"line":166,"column":null}},"line":155},"1":{"name":"(anonymous_1)","decl":{"start":{"line":157,"column":21},"end":{"line":157,"column":27}},"loc":{"start":{"line":157,"column":33},"end":{"line":157,"column":50}},"line":157},"2":{"name":"(anonymous_2)","decl":{"start":{"line":160,"column":17},"end":{"line":160,"column":23}},"loc":{"start":{"line":160,"column":29},"end":{"line":160,"column":46}},"line":160},"3":{"name":"(anonymous_3)","decl":{"start":{"line":163,"column":20},"end":{"line":163,"column":26}},"loc":{"start":{"line":163,"column":32},"end":{"line":163,"column":49}},"line":163},"4":{"name":"getAgentNode","decl":{"start":{"line":169,"column":16},"end":{"line":169,"column":29}},"loc":{"start":{"line":169,"column":79},"end":{"line":170,"column":null}},"line":169},"5":{"name":"canSpawn","decl":{"start":{"line":173,"column":16},"end":{"line":173,"column":25}},"loc":{"start":{"line":173,"column":69},"end":{"line":175,"column":null}},"line":173}},"branchMap":{"0":{"loc":{"start":{"line":157,"column":1},"end":{"line":158,"column":null}},"type":"if","locations":[{"start":{"line":157,"column":1},"end":{"line":158,"column":null}},{"start":{},"end":{}}],"line":157},"1":{"loc":{"start":{"line":160,"column":1},"end":{"line":161,"column":null}},"type":"if","locations":[{"start":{"line":160,"column":1},"end":{"line":161,"column":null}},{"start":{},"end":{}}],"line":160},"2":{"loc":{"start":{"line":163,"column":1},"end":{"line":164,"column":null}},"type":"if","locations":[{"start":{"line":163,"column":1},"end":{"line":164,"column":null}},{"start":{},"end":{}}],"line":163},"3":{"loc":{"start":{"line":175,"column":8},"end":{"line":175,"column":null}},"type":"binary-expr","locations":[{"start":{"line":175,"column":8},"end":{"line":175,"column":42}},{"start":{"line":175,"column":46},"end":{"line":175,"column":null}}],"line":175}},"s":{"0":1,"1":1,"2":1,"3":1,"4":1,"5":2,"6":2,"7":12,"8":1,"9":1,"10":1,"11":1,"12":0,"13":0,"14":0,"15":0,"16":17,"17":7,"18":7},"f":{"0":2,"1":12,"2":1,"3":0,"4":17,"5":7},"b":{"0":[1,1],"1":[1,0],"2":[0,0],"3":[7,0]},"meta":{"lastBranch":4,"lastFunction":6,"lastStatement":19,"seen":{"s:18:36:18:Infinity":0,"s:20:70:138:Infinity":1,"s:140:24:151:Infinity":2,"s:152:20:152:Infinity":3,"s:153:23:153:Infinity":4,"f:155:16:155:35":0,"s:156:15:156:33":5,"b:157:1:158:Infinity:undefined:undefined:undefined:undefined":0,"s:157:1:158:Infinity":6,"f:157:21:157:27":1,"s:157:33:157:50":7,"s:158:2:158:Infinity":8,"b:160:1:161:Infinity:undefined:undefined:undefined:undefined":1,"s:160:1:161:Infinity":9,"f:160:17:160:23":2,"s:160:29:160:46":10,"s:161:2:161:Infinity":11,"b:163:1:164:Infinity:undefined:undefined:undefined:undefined":2,"s:163:1:164:Infinity":12,"f:163:20:163:26":3,"s:163:32:163:49":13,"s:164:2:164:Infinity":14,"s:166:1:166:Infinity":15,"f:169:16:169:29":4,"s:170:1:170:Infinity":16,"f:173:16:173:25":5,"s:174:16:174:Infinity":17,"s:175:1:175:Infinity":18,"b:175:8:175:42:175:46:175:Infinity":3}}}
,"/home/dreamcoder08/Documents/PROYECTOS/arkelythex/packages/arkelythex-harness/src/handlers/defaults.ts": {"path":"/home/dreamcoder08/Documents/PROYECTOS/arkelythex/packages/arkelythex-harness/src/handlers/defaults.ts","statementMap":{"0":{"start":{"line":14,"column":18},"end":{"line":17,"column":4}},"1":{"start":{"line":14,"column":51},"end":{"line":17,"column":4}},"2":{"start":{"line":18,"column":7},"end":{"line":18,"column":55}},"3":{"start":{"line":19,"column":1},"end":{"line":30,"column":null}},"4":{"start":{"line":38,"column":26},"end":{"line":38,"column":null}},"5":{"start":{"line":39,"column":7},"end":{"line":39,"column":55}},"6":{"start":{"line":40,"column":1},"end":{"line":51,"column":null}},"7":{"start":{"line":55,"column":1},"end":{"line":71,"column":null}},"8":{"start":{"line":56,"column":16},"end":{"line":56,"column":null}},"9":{"start":{"line":57,"column":2},"end":{"line":65,"column":null}},"10":{"start":{"line":58,"column":3},"end":{"line":65,"column":null}},"11":{"start":{"line":67,"column":16},"end":{"line":67,"column":null}},"12":{"start":{"line":68,"column":2},"end":{"line":69,"column":null}},"13":{"start":{"line":69,"column":3},"end":{"line":69,"column":null}},"14":{"start":{"line":71,"column":2},"end":{"line":71,"column":null}},"15":{"start":{"line":79,"column":1},"end":{"line":81,"column":null}},"16":{"start":{"line":80,"column":2},"end":{"line":81,"column":null}},"17":{"start":{"line":81,"column":3},"end":{"line":81,"column":null}},"18":{"start":{"line":90,"column":26},"end":{"line":90,"column":28}},"19":{"start":{"line":91,"column":1},"end":{"line":93,"column":null}},"20":{"start":{"line":92,"column":2},"end":{"line":93,"column":null}},"21":{"start":{"line":93,"column":3},"end":{"line":93,"column":null}},"22":{"start":{"line":96,"column":1},"end":{"line":96,"column":null}}},"fnMap":{"0":{"name":"orchestratorSpawn","decl":{"start":{"line":9,"column":9},"end":{"line":9,"column":null}},"loc":{"start":{"line":13,"column":22},"end":{"line":30,"column":null}},"line":13},"1":{"name":"(anonymous_1)","decl":{"start":{"line":14,"column":33},"end":{"line":14,"column":38}},"loc":{"start":{"line":14,"column":51},"end":{"line":17,"column":4}},"line":14},"2":{"name":"leafResult","decl":{"start":{"line":33,"column":9},"end":{"line":33,"column":null}},"loc":{"start":{"line":37,"column":22},"end":{"line":51,"column":null}},"line":37},"3":{"name":"createDefaultHandler","decl":{"start":{"line":54,"column":16},"end":{"line":54,"column":37}},"loc":{"start":{"line":54,"column":68},"end":{"line":71,"column":null}},"line":54},"4":{"name":"(anonymous_4)","decl":{"start":{"line":55,"column":8},"end":{"line":55,"column":15}},"loc":{"start":{"line":55,"column":27},"end":{"line":71,"column":null}},"line":55},"5":{"name":"registerDefaultHandlers","decl":{"start":{"line":75,"column":16},"end":{"line":75,"column":null}},"loc":{"start":{"line":78,"column":8},"end":{"line":81,"column":null}},"line":78},"6":{"name":"validateSpawnPlan","decl":{"start":{"line":86,"column":16},"end":{"line":86,"column":null}},"loc":{"start":{"line":89,"column":12},"end":{"line":96,"column":null}},"line":89}},"branchMap":{"0":{"loc":{"start":{"line":26,"column":19},"end":{"line":26,"column":null}},"type":"binary-expr","locations":[{"start":{"line":26,"column":19},"end":{"line":26,"column":43}},{"start":{"line":26,"column":43},"end":{"line":26,"column":null}}],"line":26},"1":{"loc":{"start":{"line":38,"column":26},"end":{"line":38,"column":null}},"type":"binary-expr","locations":[{"start":{"line":38,"column":26},"end":{"line":38,"column":52}},{"start":{"line":38,"column":52},"end":{"line":38,"column":null}}],"line":38},"2":{"loc":{"start":{"line":41,"column":10},"end":{"line":41,"column":null}},"type":"cond-expr","locations":[{"start":{"line":41,"column":29},"end":{"line":41,"column":50}},{"start":{"line":41,"column":50},"end":{"line":41,"column":null}}],"line":41},"3":{"loc":{"start":{"line":47,"column":19},"end":{"line":47,"column":null}},"type":"cond-expr","locations":[{"start":{"line":47,"column":38},"end":{"line":47,"column":57}},{"start":{"line":47,"column":57},"end":{"line":47,"column":null}}],"line":47},"4":{"loc":{"start":{"line":48,"column":9},"end":{"line":48,"column":83}},"type":"cond-expr","locations":[{"start":{"line":48,"column":28},"end":{"line":48,"column":78}},{"start":{"line":48,"column":81},"end":{"line":48,"column":83}}],"line":48},"5":{"loc":{"start":{"line":57,"column":2},"end":{"line":65,"column":null}},"type":"if","locations":[{"start":{"line":57,"column":2},"end":{"line":65,"column":null}},{"start":{},"end":{}}],"line":57},"6":{"loc":{"start":{"line":64,"column":21},"end":{"line":64,"column":null}},"type":"binary-expr","locations":[{"start":{"line":64,"column":21},"end":{"line":64,"column":38}},{"start":{"line":64,"column":38},"end":{"line":64,"column":null}}],"line":64},"7":{"loc":{"start":{"line":67,"column":16},"end":{"line":67,"column":null}},"type":"binary-expr","locations":[{"start":{"line":67,"column":16},"end":{"line":67,"column":33}},{"start":{"line":67,"column":33},"end":{"line":67,"column":null}}],"line":67},"8":{"loc":{"start":{"line":68,"column":2},"end":{"line":69,"column":null}},"type":"if","locations":[{"start":{"line":68,"column":2},"end":{"line":69,"column":null}},{"start":{},"end":{}}],"line":68},"9":{"loc":{"start":{"line":68,"column":6},"end":{"line":68,"column":49}},"type":"binary-expr","locations":[{"start":{"line":68,"column":6},"end":{"line":68,"column":20}},{"start":{"line":68,"column":20},"end":{"line":68,"column":49}}],"line":68},"10":{"loc":{"start":{"line":77,"column":1},"end":{"line":77,"column":52}},"type":"default-arg","locations":[{"start":{"line":77,"column":22},"end":{"line":77,"column":52}}],"line":77},"11":{"loc":{"start":{"line":80,"column":2},"end":{"line":81,"column":null}},"type":"if","locations":[{"start":{"line":80,"column":2},"end":{"line":81,"column":null}},{"start":{},"end":{}}],"line":80},"12":{"loc":{"start":{"line":92,"column":2},"end":{"line":93,"column":null}},"type":"if","locations":[{"start":{"line":92,"column":2},"end":{"line":93,"column":null}},{"start":{},"end":{}}],"line":92}},"s":{"0":4,"1":8,"2":4,"3":4,"4":6,"5":6,"6":6,"7":42,"8":10,"9":10,"10":0,"11":10,"12":10,"13":6,"14":4,"15":3,"16":42,"17":42,"18":3,"19":3,"20":7,"21":0,"22":3},"f":{"0":4,"1":8,"2":6,"3":42,"4":10,"5":3,"6":3},"b":{"0":[4,0],"1":[6,4],"2":[2,4],"3":[2,4],"4":[2,4],"5":[0,10],"6":[0,0],"7":[10,0],"8":[6,4],"9":[10,4],"10":[3],"11":[42,0],"12":[0,7]},"meta":{"lastBranch":13,"lastFunction":7,"lastStatement":23,"seen":{"f:9:9:9:Infinity":0,"s:14:18:17:4":0,"f:14:33:14:38":1,"s:14:51:17:4":1,"s:18:7:18:55":2,"s:19:1:30:Infinity":3,"b:26:19:26:43:26:43:26:Infinity":0,"f:33:9:33:Infinity":2,"s:38:26:38:Infinity":4,"b:38:26:38:52:38:52:38:Infinity":1,"s:39:7:39:55":5,"s:40:1:51:Infinity":6,"b:41:29:41:50:41:50:41:Infinity":2,"b:47:38:47:57:47:57:47:Infinity":3,"b:48:28:48:78:48:81:48:83":4,"f:54:16:54:37":3,"s:55:1:71:Infinity":7,"f:55:8:55:15":4,"s:56:16:56:Infinity":8,"b:57:2:65:Infinity:undefined:undefined:undefined:undefined":5,"s:57:2:65:Infinity":9,"s:58:3:65:Infinity":10,"b:64:21:64:38:64:38:64:Infinity":6,"s:67:16:67:Infinity":11,"b:67:16:67:33:67:33:67:Infinity":7,"b:68:2:69:Infinity:undefined:undefined:undefined:undefined":8,"s:68:2:69:Infinity":12,"b:68:6:68:20:68:20:68:49":9,"s:69:3:69:Infinity":13,"s:71:2:71:Infinity":14,"f:75:16:75:Infinity":5,"b:77:22:77:52":10,"s:79:1:81:Infinity":15,"b:80:2:81:Infinity:undefined:undefined:undefined:undefined":11,"s:80:2:81:Infinity":16,"s:81:3:81:Infinity":17,"f:86:16:86:Infinity":6,"s:90:26:90:28":18,"s:91:1:93:Infinity":19,"b:92:2:93:Infinity:undefined:undefined:undefined:undefined":12,"s:92:2:93:Infinity":20,"s:93:3:93:Infinity":21,"s:96:1:96:Infinity":22}}}
}
